<?xml version="1.0" encoding="UTF-8"?>
<!-- Generated by org.testng.reporters.JUnitReportReporter -->
<testsuite hostname="Excalibur" failures="0" tests="4" name="Automation.Main" time="20.584" errors="0" timestamp="2023-11-23T10:02:57 CST" skipped="0">
  <testcase classname="Automation.Main" name="Parte1" time="9.358"/>
  <system-out/>
  <testcase classname="Automation.Main" name="Parte2" time="6.296"/>
  <system-out/>
  <testcase classname="Automation.Main" name="Parte3" time="3.276"/>
  <system-out/>
  <testcase classname="Automation.Main" name="Parte4" time="1.654"/>
  <system-out/>
</testsuite> <!-- Automation.Main -->
