<?xml version="1.0" encoding="UTF-8"?>
<!-- Generated by org.testng.reporters.JUnitReportReporter -->
<testsuite hostname="Excalibur" failures="0" tests="4" name="Automation.Main" time="12.427" errors="0" timestamp="2023-11-23T10:13:12 CST" skipped="0">
  <testcase classname="Automation.Main" name="Parte1" time="6.099"/>
  <system-out/>
  <testcase classname="Automation.Main" name="Parte2" time="3.885"/>
  <system-out/>
  <testcase classname="Automation.Main" name="Parte3" time="1.952"/>
  <system-out/>
  <testcase classname="Automation.Main" name="Parte4" time="0.491"/>
  <system-out/>
</testsuite> <!-- Automation.Main -->
